<?xml version="1.0" encoding="UTF-8"?>
<!-- Generated by org.testng.reporters.JUnitReportReporter -->
<testsuite hostname="LAPTOP-93VLQEKH" failures="0" tests="1" name="Spothopper.QA.TestCases.WebsiteNavBarFeaturesTest" time="56.598" errors="0" timestamp="2024-10-03T15:44:54 CEST" skipped="0">
  <testcase classname="Spothopper.QA.TestCases.WebsiteNavBarFeaturesTest" name="getWebsiteFeatures" time="56.598"/>
  <system-out/>
</testsuite> <!-- Spothopper.QA.TestCases.WebsiteNavBarFeaturesTest -->
