<?xml version="1.0" encoding="UTF-8"?>
<!-- Generated by org.testng.reporters.JUnitReportReporter -->
<testsuite hostname="LAPTOP-93VLQEKH" failures="0" tests="1" name="Spothopper.QA.TestCases.MetroAreasTest" time="1140.887" errors="0" timestamp="2025-02-21T10:44:58 CET" skipped="0">
  <testcase classname="Spothopper.QA.TestCases.MetroAreasTest" name="sinchronizeChanges" time="1140.887"/>
  <system-out/>
</testsuite> <!-- Spothopper.QA.TestCases.MetroAreasTest -->
