<?xml version="1.0" encoding="UTF-8"?>
<!-- Generated by org.testng.reporters.JUnitReportReporter -->
<testsuite hostname="LAPTOP-93VLQEKH" failures="0" tests="1" name="Spothopper.QA.TestCases.DeleteFoodDrinkMenusTest" time="180.760" errors="0" timestamp="2024-09-20T14:11:41 CEST" skipped="0">
  <testcase classname="Spothopper.QA.TestCases.DeleteFoodDrinkMenusTest" name="deleteFoodDrinkMenus" time="180.760"/>
  <system-out/>
</testsuite> <!-- Spothopper.QA.TestCases.DeleteFoodDrinkMenusTest -->
