<?xml version="1.0" encoding="UTF-8"?>
<!-- Generated by org.testng.reporters.JUnitReportReporter -->
<testsuite hostname="LAPTOP-93VLQEKH" failures="0" tests="2" name="Spothopper.QA.TestCases.APITest" time="6.549" errors="0" timestamp="2024-09-02T09:13:26 CEST" skipped="0">
  <testcase classname="Spothopper.QA.TestCases.APITest" name="testPostEndpoint" time="3.274"/>
  <system-out/>
  <testcase classname="Spothopper.QA.TestCases.APITest" name="testGetEndpoint" time="3.275"/>
  <system-out/>
</testsuite> <!-- Spothopper.QA.TestCases.APITest -->
