<?xml version="1.0" encoding="UTF-8"?>
<!-- Generated by org.testng.reporters.JUnitReportReporter -->
<testsuite hostname="LAPTOP-93VLQEKH" failures="0" tests="1" name="Spothopper.QA.TestCases.ActivateFiveFeaturesTest" time="68.436" errors="0" timestamp="2024-09-13T15:09:21 CEST" skipped="0">
  <testcase classname="Spothopper.QA.TestCases.ActivateFiveFeaturesTest" name="createMenusOnApp" time="68.436"/>
  <system-out/>
</testsuite> <!-- Spothopper.QA.TestCases.ActivateFiveFeaturesTest -->
