<?xml version="1.0" encoding="UTF-8"?>
<!-- Generated by org.testng.reporters.JUnitReportReporter -->
<testsuite hostname="LAPTOP-93VLQEKH" failures="0" tests="1" name="Spothopper.QA.TestCases.DeactivateTmtFeaturesTest" time="23.759" errors="0" timestamp="2024-10-02T13:30:21 CEST" skipped="0">
  <testcase classname="Spothopper.QA.TestCases.DeactivateTmtFeaturesTest" name="createMenusOnApp" time="23.759"/>
  <system-out/>
</testsuite> <!-- Spothopper.QA.TestCases.DeactivateTmtFeaturesTest -->
