<?xml version="1.0" encoding="UTF-8"?>
<!-- Generated by org.testng.reporters.JUnitReportReporter -->
<testsuite hostname="LAPTOP-93VLQEKH" failures="0" tests="1" name="Spothopper.QA.TestCases.CTALinksTest" time="3196.714" errors="0" timestamp="2024-12-09T09:31:22 CET" skipped="0">
  <testcase classname="Spothopper.QA.TestCases.CTALinksTest" name="getWebsiteFeatures" time="3196.714"/>
  <system-out/>
</testsuite> <!-- Spothopper.QA.TestCases.CTALinksTest -->
