<?xml version="1.0" encoding="UTF-8"?>
<!-- Generated by org.testng.reporters.JUnitReportReporter -->
<testsuite hostname="LAPTOP-93VLQEKH" failures="0" tests="1" name="Spothopper.QA.TestCases.DatabaseTest" time="0.281" errors="0" timestamp="2024-08-14T15:13:02 CEST" skipped="0">
  <testcase classname="Spothopper.QA.TestCases.DatabaseTest" name="insertIntoDatabaseQuery" time="0.281"/>
  <system-out/>
</testsuite> <!-- Spothopper.QA.TestCases.DatabaseTest -->
