<?xml version="1.0" encoding="UTF-8"?>
<!-- Generated by org.testng.reporters.JUnitReportReporter -->
<testsuite hostname="LAPTOP-93VLQEKH" failures="0" tests="1" name="Spothopper.QA.TestCases.CTALinksTest" time="1632.694" errors="0" timestamp="2025-03-17T15:27:09 CET" skipped="0">
  <testcase classname="Spothopper.QA.TestCases.CTALinksTest" name="getWebsiteFeatures" time="1632.694"/>
  <system-out/>
</testsuite> <!-- Spothopper.QA.TestCases.CTALinksTest -->
