<?xml version="1.0" encoding="UTF-8"?>
<!-- Generated by org.testng.reporters.JUnitReportReporter -->
<testsuite hostname="LAPTOP-93VLQEKH" failures="0" tests="1" name="Spothopper.QA.TestCases.AiIntegrationTest" time="2.075" errors="0" timestamp="2024-12-27T14:57:46 CET" skipped="0">
  <testcase classname="Spothopper.QA.TestCases.AiIntegrationTest" name="mainMethod" time="2.075"/>
  <system-out/>
</testsuite> <!-- Spothopper.QA.TestCases.AiIntegrationTest -->
