<?xml version="1.0" encoding="UTF-8"?>
<!-- Generated by org.testng.reporters.JUnitReportReporter -->
<testsuite hostname="LAPTOP-93VLQEKH" failures="0" tests="1" name="Spothopper.QA.TestCases.DeleteCtaLinksTest" time="56.462" errors="0" timestamp="2024-09-12T11:44:21 CEST" skipped="0">
  <testcase classname="Spothopper.QA.TestCases.DeleteCtaLinksTest" name="deleteFoodDrinkMenus" time="56.462"/>
  <system-out/>
</testsuite> <!-- Spothopper.QA.TestCases.DeleteCtaLinksTest -->
