<?xml version="1.0" encoding="UTF-8"?>
<!-- Generated by org.testng.reporters.JUnitReportReporter -->
<testsuite hostname="LAPTOP-93VLQEKH" failures="0" tests="1" name="Spothopper.QA.TestCases.JiraReadCommentsTest" time="1333.517" errors="0" timestamp="2025-02-12T13:11:52 CET" skipped="0">
  <testcase classname="Spothopper.QA.TestCases.JiraReadCommentsTest" name="getWebsiteFeatures" time="1333.517"/>
  <system-out/>
</testsuite> <!-- Spothopper.QA.TestCases.JiraReadCommentsTest -->
