<?xml version="1.0" encoding="UTF-8"?>
<!-- Generated by org.testng.reporters.JUnitReportReporter -->
<testsuite hostname="LAPTOP-93VLQEKH" failures="0" tests="1" name="Spothopper.QA.TestCases.BuildTest" time="898.806" errors="0" timestamp="2025-03-17T15:12:53 CET" skipped="0">
  <testcase classname="Spothopper.QA.TestCases.BuildTest" name="getWebsiteFeatures" time="898.806"/>
  <system-out/>
</testsuite> <!-- Spothopper.QA.TestCases.BuildTest -->
