<?xml version="1.0" encoding="UTF-8"?>
<!-- Generated by org.testng.reporters.JUnitReportReporter -->
<testsuite hostname="LAPTOP-93VLQEKH" failures="0" tests="1" name="Spothopper.QA.TestCases.BuildTest" time="1504.138" errors="0" timestamp="2025-03-10T13:24:01 CET" skipped="0">
  <testcase classname="Spothopper.QA.TestCases.BuildTest" name="getWebsiteFeatures" time="1504.138"/>
  <system-out/>
</testsuite> <!-- Spothopper.QA.TestCases.BuildTest -->
