<?xml version="1.0" encoding="UTF-8"?>
<!-- Generated by org.testng.reporters.JUnitReportReporter -->
<testsuite hostname="LAPTOP-93VLQEKH" failures="0" tests="1" name="Spothopper.QA.TestCases.AddSocialTest" time="61.556" errors="0" timestamp="2024-09-20T13:36:03 CEST" skipped="0">
  <testcase classname="Spothopper.QA.TestCases.AddSocialTest" name="createMenusOnApp" time="61.556"/>
  <system-out/>
</testsuite> <!-- Spothopper.QA.TestCases.AddSocialTest -->
