<?xml version="1.0" encoding="UTF-8"?>
<!-- Generated by org.testng.reporters.JUnitReportReporter -->
<testsuite hostname="LAPTOP-93VLQEKH" failures="0" tests="1" name="Spothopper.QA.TestCases.AwsDatabaseTest" time="1.423" errors="0" timestamp="2024-08-16T13:06:56 CEST" skipped="0">
  <testcase classname="Spothopper.QA.TestCases.AwsDatabaseTest" name="testDatabaseQuery" time="1.423"/>
  <system-out/>
</testsuite> <!-- Spothopper.QA.TestCases.AwsDatabaseTest -->
