<?xml version="1.0" encoding="UTF-8"?>
<!-- Generated by org.testng.reporters.JUnitReportReporter -->
<testsuite hostname="LAPTOP-93VLQEKH" failures="0" tests="1" name="Spothopper.QA.TestCases.AddFoodDrinkMenusTest" time="179.544" errors="0" timestamp="2024-09-20T13:23:10 CEST" skipped="0">
  <testcase classname="Spothopper.QA.TestCases.AddFoodDrinkMenusTest" name="createMenusOnApp" time="179.544"/>
  <system-out/>
</testsuite> <!-- Spothopper.QA.TestCases.AddFoodDrinkMenusTest -->
