<?xml version="1.0" encoding="UTF-8"?>
<!-- Generated by org.testng.reporters.JUnitReportReporter -->
<testsuite hostname="LAPTOP-93VLQEKH" failures="0" tests="2" name="Spothopper.QA.TestCases.APITest" time="4.184" errors="0" timestamp="2024-12-26T16:01:31 CET" skipped="0">
  <testcase classname="Spothopper.QA.TestCases.APITest" name="testGetEndpoint" time="2.077"/>
  <system-out/>
  <testcase classname="Spothopper.QA.TestCases.APITest" name="testPostEndpoint" time="2.107"/>
  <system-out/>
</testsuite> <!-- Spothopper.QA.TestCases.APITest -->
