<?xml version="1.0" encoding="UTF-8"?>
<!-- Generated by org.testng.reporters.JUnitReportReporter -->
<testsuite hostname="LAPTOP-93VLQEKH" failures="0" tests="1" name="Spothopper.QA.TestCases.GithubIssueTest" time="61.449" errors="0" timestamp="2024-09-06T12:18:01 CEST" skipped="0">
  <testcase classname="Spothopper.QA.TestCases.GithubIssueTest" name="getWebsiteFeatures" time="61.449"/>
  <system-out/>
</testsuite> <!-- Spothopper.QA.TestCases.GithubIssueTest -->
