<?xml version="1.0" encoding="UTF-8"?>
<!-- Generated by org.testng.reporters.JUnitReportReporter -->
<testsuite hostname="LAPTOP-93VLQEKH" failures="0" tests="1" name="Spothopper.QA.TestCases.MetroAreasTest" time="717.820" errors="0" timestamp="2025-01-30T10:42:53 CET" skipped="0">
  <testcase classname="Spothopper.QA.TestCases.MetroAreasTest" name="sinchronizeChanges" time="717.820"/>
  <system-out/>
</testsuite> <!-- Spothopper.QA.TestCases.MetroAreasTest -->
