<?xml version="1.0" encoding="UTF-8"?>
<!-- Generated by org.testng.reporters.JUnitReportReporter -->
<testsuite hostname="LAPTOP-93VLQEKH" failures="0" tests="1" name="Spothopper.QA.TestCases.MetroAreasTest" time="215.100" errors="0" timestamp="2024-12-26T09:42:37 CET" skipped="0">
  <testcase classname="Spothopper.QA.TestCases.MetroAreasTest" name="sinchronizeChanges" time="215.100"/>
  <system-out/>
</testsuite> <!-- Spothopper.QA.TestCases.MetroAreasTest -->
